<?xml version="1.0" encoding="UTF-8"?>
<testng-results ignored="0" total="1" passed="1" failed="0" skipped="0">
  <reporter-output>
  </reporter-output>
  <suite started-at="2020-07-27T08:43:54 CDT" name="Test" finished-at="2020-07-27T08:43:54 CDT" duration-ms="26">
    <groups>
    </groups>
    <test started-at="2020-07-27T08:43:54 CDT" name="Command line test" finished-at="2020-07-27T08:43:54 CDT" duration-ms="26">
      <class name="Test">
        <test-method signature="Test()[pri:0, instance:Test@769e7ee8]" started-at="2020-07-27T08:43:54 CDT" name="Test" finished-at="2020-07-27T08:43:54 CDT" duration-ms="2" status="PASS">
          <reporter-output>
          </reporter-output>
        </test-method> <!-- Test -->
      </class> <!-- Test -->
    </test> <!-- Command line test -->
  </suite> <!-- Test -->
</testng-results>
